2020-02-04 23:14:01,883 |     MainProcess | MainThread | INFO  | GanTrainer.py::train_gan():62                      | Arguments:
{'callbacks_args': [{'InceptionMetric': {'classifier_model_args': {'model_arch_name': 'models.classification.ConvNetSimple.ConvNetSimple',
                                                                   'model_constructor_args': {'input_size': (64,
                                                                                                             64),
                                                                                              'number_of_classes': 7,
                                                                                              'number_of_input_channels': 3},
                                                                   'model_weights_path': 'logs/2020-02-02T22:55:28.368389_train_mode_classification_model_ConvNetSimple_dataset_ISIC_subset_1.0_bs_64_name_Adam_lr_1e-05/epoch_0003-model-val_accuracy_67.0.pth'},
                                         'mode': 'gan',
                                         'sample_size': 64,
                                         'total_samples': 10000,
                                         'transform': {'mean': (0.5,),
                                                       'std': (0.5,)}}},
                    {'FrechetMetric': {'classifier_model_args': {'model_arch_name': 'models.evaluation.inception.InceptionV3',
                                                                 'model_constructor_args': {},
                                                                 'model_weights_path': None},
                                       'classifier_model_layer': None,
                                       'sample_size': 64,
                                       'total_samples': 10000,
                                       'transform': {'mean': (0.5, 0.5, 0.5),
                                                     'std': (0.5, 0.5, 0.5)}}},
                    {'GanSampler': {'num_samples': 16,
                                    'write_to_disk': True,
                                    'write_to_tensorboard': True}}],
 'dataset_args': {'mean': (0.5,),
                  'name': <SupportedDataset.ISIC_Enum: {'dataloader': <class 'dataset.ISIC.ISIC'>, 'image_size': (64, 64), 'channels': 3, 'training_size': 8000, 'labels_count': 7}>,
                  'std': (0.5,),
                  'training_subset_percentage': 1.0},
 'discriminator_model_args': {'model_arch_name': 'models.gan.DCGAN.Discriminator',
                              'model_constructor_args': {'channels': 3},
                              'model_weights_path': None},
 'discriminator_optimizer_args': {'lr': 0.0002, 'name': 'torch.optim.SGD'},
 'generator_model_args': {'model_arch_name': 'models.gan.DCGAN.Generator',
                          'model_constructor_args': {'channels': 3,
                                                     'z_dim': 100},
                          'model_weights_path': None},
 'generator_optimizer_args': {'betas': (0.5, 0.999),
                              'lr': 0.0002,
                              'name': 'torch.optim.Adam'},
 'loss_args': {'name': 'default'},
 'mode': 'dcgan',
 'num_iterations': 50000,
 'outdir': './logs/',
 'random_seed': 92,
 'train_data_args': {'batch_size': 64, 'shuffle': True, 'to_train': True},
 'val_data_args': {'batch_size': 256,
                   'shuffle': False,
                   'validate_step_size': 1}}
2020-02-04 23:14:01,884 |     MainProcess | MainThread | INFO  | tensorboard_writer.py::initialize_tensorboard():67 | Initializing Tensorboard Writer in ./logs/2020-02-04T23:14:01.836975_train_mode_dcgan_model_DCGAN_dataset_ISIC_subset_1.0_bs_64_G_name_Adam_lr_0.0002_betas_(0.5, 0.999)_D_name_SGD_lr_0.0002
2020-02-04 23:14:02,646 |     MainProcess | MainThread | INFO  | GanTrainer.py::train_gan():68                      | Using Random Seed value as: 92
2020-02-04 23:14:02,654 |     MainProcess | MainThread | INFO  | GanTrainer.py::train_gan():75                      | Using device - cuda:0
2020-02-04 23:14:09,859 |     MainProcess | MainThread | INFO  | GanTrainer.py::train_gan():110                     | Generator(
  (main_module): Sequential(
    (0): ConvTranspose2d(100, 1024, kernel_size=(4, 4), stride=(1, 1))
    (1): BatchNorm2d(1024, eps=1e-05, momentum=0.1, affine=True, track_running_stats=True)
    (2): ReLU(inplace=True)
    (3): ConvTranspose2d(1024, 512, kernel_size=(4, 4), stride=(2, 2), padding=(1, 1))
    (4): BatchNorm2d(512, eps=1e-05, momentum=0.1, affine=True, track_running_stats=True)
    (5): ReLU(inplace=True)
    (6): ConvTranspose2d(512, 256, kernel_size=(4, 4), stride=(2, 2), padding=(1, 1))
    (7): BatchNorm2d(256, eps=1e-05, momentum=0.1, affine=True, track_running_stats=True)
    (8): ReLU(inplace=True)
    (9): ConvTranspose2d(256, 128, kernel_size=(4, 4), stride=(2, 2), padding=(1, 1))
    (10): BatchNorm2d(128, eps=1e-05, momentum=0.1, affine=True, track_running_stats=True)
    (11): ReLU(inplace=True)
    (12): ConvTranspose2d(128, 3, kernel_size=(4, 4), stride=(2, 2), padding=(1, 1))
  )
  (output): Tanh()
)
2020-02-04 23:14:09,859 |     MainProcess | MainThread | INFO  | GanTrainer.py::train_gan():111                     | Discriminator(
  (main_module): Sequential(
    (0): Conv2d(3, 128, kernel_size=(4, 4), stride=(2, 2), padding=(1, 1))
    (1): BatchNorm2d(128, eps=1e-05, momentum=0.1, affine=True, track_running_stats=True)
    (2): LeakyReLU(negative_slope=0.2, inplace=True)
    (3): Conv2d(128, 256, kernel_size=(4, 4), stride=(2, 2), padding=(1, 1))
    (4): BatchNorm2d(256, eps=1e-05, momentum=0.1, affine=True, track_running_stats=True)
    (5): LeakyReLU(negative_slope=0.2, inplace=True)
    (6): Conv2d(256, 512, kernel_size=(4, 4), stride=(2, 2), padding=(1, 1))
    (7): BatchNorm2d(512, eps=1e-05, momentum=0.1, affine=True, track_running_stats=True)
    (8): LeakyReLU(negative_slope=0.2, inplace=True)
    (9): Conv2d(512, 1024, kernel_size=(4, 4), stride=(2, 2), padding=(1, 1))
    (10): BatchNorm2d(1024, eps=1e-05, momentum=0.1, affine=True, track_running_stats=True)
    (11): LeakyReLU(negative_slope=0.2, inplace=True)
  )
  (output): Sequential(
    (0): Conv2d(1024, 1, kernel_size=(4, 4), stride=(1, 1))
  )
)
2020-02-04 23:14:09,860 |     MainProcess | MainThread | INFO  | GanTrainer.py::train_gan():127                     | Interval 1/125
2020-02-04 23:17:14,989 |     MainProcess | MainThread | INFO  | inception_metric_callback.py::on_nth_iteration():58 | Inception score at iteration 400 is 1.0000433921813965
2020-02-04 23:17:53,828 |     MainProcess | MainThread | INFO  | frechet_metric_callback.py::on_nth_iteration():63  | Frechet score at iteration 400 is 462.4542340385881
2020-02-04 23:17:54,189 |     MainProcess | MainThread | INFO  | GanTrainer.py::train_gan():127                     | Interval 2/125
2020-02-04 23:20:57,420 |     MainProcess | MainThread | INFO  | inception_metric_callback.py::on_nth_iteration():58 | Inception score at iteration 800 is 1.0000615119934082
2020-02-04 23:21:31,585 |     MainProcess | MainThread | INFO  | frechet_metric_callback.py::on_nth_iteration():63  | Frechet score at iteration 800 is 485.72513182709423
2020-02-04 23:21:31,825 |     MainProcess | MainThread | INFO  | GanTrainer.py::train_gan():127                     | Interval 3/125
2020-02-04 23:24:39,264 |     MainProcess | MainThread | INFO  | inception_metric_callback.py::on_nth_iteration():58 | Inception score at iteration 1200 is 1.000835657119751
2020-02-04 23:25:13,337 |     MainProcess | MainThread | INFO  | frechet_metric_callback.py::on_nth_iteration():63  | Frechet score at iteration 1200 is 569.7925533319961
2020-02-04 23:25:13,581 |     MainProcess | MainThread | INFO  | GanTrainer.py::train_gan():127                     | Interval 4/125
2020-02-04 23:28:20,906 |     MainProcess | MainThread | INFO  | inception_metric_callback.py::on_nth_iteration():58 | Inception score at iteration 1600 is 1.0009585618972778
2020-02-04 23:28:54,922 |     MainProcess | MainThread | INFO  | frechet_metric_callback.py::on_nth_iteration():63  | Frechet score at iteration 1600 is 441.69599212696426
2020-02-04 23:28:55,218 |     MainProcess | MainThread | INFO  | GanTrainer.py::train_gan():127                     | Interval 5/125
2020-02-04 23:32:00,768 |     MainProcess | MainThread | INFO  | inception_metric_callback.py::on_nth_iteration():58 | Inception score at iteration 2000 is 1.0007171630859375
2020-02-04 23:32:34,858 |     MainProcess | MainThread | INFO  | frechet_metric_callback.py::on_nth_iteration():63  | Frechet score at iteration 2000 is 460.6923517074859
2020-02-04 23:32:35,107 |     MainProcess | MainThread | INFO  | GanTrainer.py::train_gan():127                     | Interval 6/125
2020-02-04 23:35:43,099 |     MainProcess | MainThread | INFO  | inception_metric_callback.py::on_nth_iteration():58 | Inception score at iteration 2400 is 1.0005146265029907
2020-02-04 23:36:16,965 |     MainProcess | MainThread | INFO  | frechet_metric_callback.py::on_nth_iteration():63  | Frechet score at iteration 2400 is 462.6482459892498
2020-02-04 23:36:17,241 |     MainProcess | MainThread | INFO  | GanTrainer.py::train_gan():127                     | Interval 7/125
2020-02-04 23:39:24,713 |     MainProcess | MainThread | INFO  | inception_metric_callback.py::on_nth_iteration():58 | Inception score at iteration 2800 is 1.0004526376724243
2020-02-04 23:39:58,438 |     MainProcess | MainThread | INFO  | frechet_metric_callback.py::on_nth_iteration():63  | Frechet score at iteration 2800 is 451.96273799135935
2020-02-04 23:39:58,687 |     MainProcess | MainThread | INFO  | GanTrainer.py::train_gan():127                     | Interval 8/125
2020-02-04 23:43:05,721 |     MainProcess | MainThread | INFO  | inception_metric_callback.py::on_nth_iteration():58 | Inception score at iteration 3200 is 1.0004204511642456
2020-02-04 23:43:39,833 |     MainProcess | MainThread | INFO  | frechet_metric_callback.py::on_nth_iteration():63  | Frechet score at iteration 3200 is 444.4130458279941
2020-02-04 23:43:40,071 |     MainProcess | MainThread | INFO  | GanTrainer.py::train_gan():127                     | Interval 9/125
2020-02-04 23:46:47,506 |     MainProcess | MainThread | INFO  | inception_metric_callback.py::on_nth_iteration():58 | Inception score at iteration 3600 is 1.0005539655685425
2020-02-04 23:47:21,677 |     MainProcess | MainThread | INFO  | frechet_metric_callback.py::on_nth_iteration():63  | Frechet score at iteration 3600 is 433.2758012013264
2020-02-04 23:47:21,955 |     MainProcess | MainThread | INFO  | GanTrainer.py::train_gan():127                     | Interval 10/125
2020-02-04 23:50:26,428 |     MainProcess | MainThread | INFO  | inception_metric_callback.py::on_nth_iteration():58 | Inception score at iteration 4000 is 1.0000821352005005
2020-02-04 23:51:00,615 |     MainProcess | MainThread | INFO  | frechet_metric_callback.py::on_nth_iteration():63  | Frechet score at iteration 4000 is 450.3565649228363
2020-02-04 23:51:00,865 |     MainProcess | MainThread | INFO  | GanTrainer.py::train_gan():127                     | Interval 11/125
2020-02-04 23:54:10,299 |     MainProcess | MainThread | INFO  | inception_metric_callback.py::on_nth_iteration():58 | Inception score at iteration 4400 is 1.0002739429473877
2020-02-04 23:54:44,405 |     MainProcess | MainThread | INFO  | frechet_metric_callback.py::on_nth_iteration():63  | Frechet score at iteration 4400 is 499.3304372839392
2020-02-04 23:54:44,611 |     MainProcess | MainThread | INFO  | GanTrainer.py::train_gan():127                     | Interval 12/125
2020-02-04 23:57:53,026 |     MainProcess | MainThread | INFO  | inception_metric_callback.py::on_nth_iteration():58 | Inception score at iteration 4800 is 1.0016975402832031
2020-02-04 23:58:27,327 |     MainProcess | MainThread | INFO  | frechet_metric_callback.py::on_nth_iteration():63  | Frechet score at iteration 4800 is 487.2819616427253
2020-02-04 23:58:27,566 |     MainProcess | MainThread | INFO  | GanTrainer.py::train_gan():127                     | Interval 13/125
2020-02-05 00:01:32,317 |     MainProcess | MainThread | INFO  | inception_metric_callback.py::on_nth_iteration():58 | Inception score at iteration 5200 is 1.000002145767212
2020-02-05 00:02:06,698 |     MainProcess | MainThread | INFO  | frechet_metric_callback.py::on_nth_iteration():63  | Frechet score at iteration 5200 is 461.9895363004249
2020-02-05 00:02:06,844 |     MainProcess | MainThread | INFO  | GanTrainer.py::train_gan():127                     | Interval 14/125
2020-02-05 00:05:15,429 |     MainProcess | MainThread | INFO  | inception_metric_callback.py::on_nth_iteration():58 | Inception score at iteration 5600 is 1.0013086795806885
2020-02-05 00:05:49,734 |     MainProcess | MainThread | INFO  | frechet_metric_callback.py::on_nth_iteration():63  | Frechet score at iteration 5600 is 463.04833078419824
2020-02-05 00:05:49,970 |     MainProcess | MainThread | INFO  | GanTrainer.py::train_gan():127                     | Interval 15/125
2020-02-05 00:08:58,868 |     MainProcess | MainThread | INFO  | inception_metric_callback.py::on_nth_iteration():58 | Inception score at iteration 6000 is 1.0000027418136597
2020-02-05 00:09:32,988 |     MainProcess | MainThread | INFO  | frechet_metric_callback.py::on_nth_iteration():63  | Frechet score at iteration 6000 is 502.8576710180119
2020-02-05 00:09:33,169 |     MainProcess | MainThread | INFO  | GanTrainer.py::train_gan():127                     | Interval 16/125
2020-02-05 00:12:40,718 |     MainProcess | MainThread | INFO  | inception_metric_callback.py::on_nth_iteration():58 | Inception score at iteration 6400 is 1.0007115602493286
2020-02-05 00:13:14,843 |     MainProcess | MainThread | INFO  | frechet_metric_callback.py::on_nth_iteration():63  | Frechet score at iteration 6400 is 383.33972576098853
2020-02-05 00:13:15,151 |     MainProcess | MainThread | INFO  | GanTrainer.py::train_gan():127                     | Interval 17/125
2020-02-05 00:16:23,192 |     MainProcess | MainThread | INFO  | inception_metric_callback.py::on_nth_iteration():58 | Inception score at iteration 6800 is 1.0016968250274658
2020-02-05 00:16:57,391 |     MainProcess | MainThread | INFO  | frechet_metric_callback.py::on_nth_iteration():63  | Frechet score at iteration 6800 is 429.46399603336937
2020-02-05 00:16:57,632 |     MainProcess | MainThread | INFO  | GanTrainer.py::train_gan():127                     | Interval 18/125
2020-02-05 00:20:06,052 |     MainProcess | MainThread | INFO  | inception_metric_callback.py::on_nth_iteration():58 | Inception score at iteration 7200 is 1.0004428625106812
2020-02-05 00:20:40,174 |     MainProcess | MainThread | INFO  | frechet_metric_callback.py::on_nth_iteration():63  | Frechet score at iteration 7200 is 428.20690208528174
2020-02-05 00:20:40,421 |     MainProcess | MainThread | INFO  | GanTrainer.py::train_gan():127                     | Interval 19/125
2020-02-05 00:23:44,930 |     MainProcess | MainThread | INFO  | inception_metric_callback.py::on_nth_iteration():58 | Inception score at iteration 7600 is 1.0000027418136597
2020-02-05 00:24:19,489 |     MainProcess | MainThread | INFO  | frechet_metric_callback.py::on_nth_iteration():63  | Frechet score at iteration 7600 is 470.40898904653966
2020-02-05 00:24:19,627 |     MainProcess | MainThread | INFO  | GanTrainer.py::train_gan():127                     | Interval 20/125
2020-02-05 00:27:27,712 |     MainProcess | MainThread | INFO  | inception_metric_callback.py::on_nth_iteration():58 | Inception score at iteration 8000 is 1.0000208616256714
2020-02-05 00:28:02,083 |     MainProcess | MainThread | INFO  | frechet_metric_callback.py::on_nth_iteration():63  | Frechet score at iteration 8000 is 451.4037988638419
2020-02-05 00:28:02,280 |     MainProcess | MainThread | INFO  | GanTrainer.py::train_gan():127                     | Interval 21/125
2020-02-05 00:31:11,360 |     MainProcess | MainThread | INFO  | inception_metric_callback.py::on_nth_iteration():58 | Inception score at iteration 8400 is 1.0009580850601196
2020-02-05 00:31:43,246 |     MainProcess | MainThread | INFO  | frechet_metric_callback.py::on_nth_iteration():63  | Frechet score at iteration 8400 is 483.083853051255
2020-02-05 00:31:43,479 |     MainProcess | MainThread | INFO  | GanTrainer.py::train_gan():127                     | Interval 22/125
