2019-12-27 13:09:07,507 |     MainProcess | MainThread | INFO  | train_classifier.py::objective():54                | Arguments:
{'callbacks_args': [],
 'dataset_args': {'name': <SupportedDataset.MNIST_Enum: {'dataloader': <class 'dataset.MNIST.MNIST'>, 'image_size': (32, 32), 'channels': 1, 'training_size': 60000, 'labels_count': 10}>,
                  'training_subset_percentage': 1.0},
 'loss_args': {'name': 'torch.nn.CrossEntropyLoss'},
 'mode': 'classification',
 'model_args': {'model_arch_name': 'models.classification.ConvNetSimple.ConvNetSimple',
                'model_constructor_args': {'input_size': (32, 32),
                                           'number_of_classes': 10,
                                           'number_of_input_channels': 1},
                'model_weights_path': None},
 'nb_epochs': 50,
 'optimizer_args': {'lr': 0.001,
                    'name': 'torch.optim.Adam',
                    'weight_decay': 0.005},
 'outdir': './logs/',
 'random_seed': 42,
 'train_data_args': {'batch_size': 64, 'shuffle': True, 'to_train': True},
 'val_data_args': {'batch_size': 256,
                   'shuffle': False,
                   'validate_step_size': 1}}
2019-12-27 13:09:07,508 |     MainProcess | MainThread | INFO  | tensorboard_writer.py::initialize_tensorboard():64 | Initializing Tensorboard Writer in ./logs/2019-12-27T13:09:07.398172_mode_classification_model_ConvNetSimple_dataset_MNIST_subset_1.0_bs_64_name_Adam_lr_0.001_weight_decay_0.005
2019-12-27 13:09:07,509 |     MainProcess | MainThread | INFO  | train_classifier.py::objective():60                | Using Random Seed value as: 42
2019-12-27 13:09:07,539 |     MainProcess | MainThread | INFO  | train_classifier.py::objective():67                | Using device - cuda:0
2019-12-27 13:09:12,862 |     MainProcess | MainThread | INFO  | MNIST.py::__init__():32                            | Mean and Std used: (0.5,), (0.5,)
2019-12-27 13:09:23,083 |     MainProcess | MainThread | INFO  | train_classifier.py::objective():169               | Accuracy of the network on the 6006 validation images: 92.64069264069263 %%
2019-12-27 13:09:31,065 |     MainProcess | MainThread | INFO  | train_classifier.py::objective():169               | Accuracy of the network on the 6006 validation images: 95.28804528804528 %%
2019-12-27 13:09:38,861 |     MainProcess | MainThread | INFO  | train_classifier.py::objective():169               | Accuracy of the network on the 6006 validation images: 95.08824508824509 %%
2019-12-27 13:09:47,020 |     MainProcess | MainThread | INFO  | train_classifier.py::objective():169               | Accuracy of the network on the 6006 validation images: 95.92074592074592 %%
2019-12-27 13:09:57,162 |     MainProcess | MainThread | INFO  | train_classifier.py::objective():169               | Accuracy of the network on the 6006 validation images: 96.40359640359641 %%
2019-12-27 13:10:10,114 |     MainProcess | MainThread | INFO  | train_classifier.py::objective():169               | Accuracy of the network on the 6006 validation images: 96.28704628704628 %%
2019-12-27 13:10:19,290 |     MainProcess | MainThread | INFO  | train_classifier.py::objective():169               | Accuracy of the network on the 6006 validation images: 96.55344655344655 %%
2019-12-27 13:10:28,514 |     MainProcess | MainThread | INFO  | train_classifier.py::objective():169               | Accuracy of the network on the 6006 validation images: 96.90309690309691 %%
2019-12-27 13:10:40,935 |     MainProcess | MainThread | INFO  | train_classifier.py::objective():169               | Accuracy of the network on the 6006 validation images: 96.1038961038961 %%
2019-12-27 13:10:50,314 |     MainProcess | MainThread | INFO  | train_classifier.py::objective():169               | Accuracy of the network on the 6006 validation images: 96.96969696969697 %%
2019-12-27 13:10:58,779 |     MainProcess | MainThread | INFO  | train_classifier.py::objective():169               | Accuracy of the network on the 6006 validation images: 97.45254745254745 %%
2019-12-27 13:11:07,124 |     MainProcess | MainThread | INFO  | train_classifier.py::objective():169               | Accuracy of the network on the 6006 validation images: 97.28604728604729 %%
2019-12-27 13:11:15,282 |     MainProcess | MainThread | INFO  | train_classifier.py::objective():169               | Accuracy of the network on the 6006 validation images: 97.48584748584749 %%
2019-12-27 13:11:23,494 |     MainProcess | MainThread | INFO  | train_classifier.py::objective():169               | Accuracy of the network on the 6006 validation images: 97.03629703629704 %%
2019-12-27 13:11:31,712 |     MainProcess | MainThread | INFO  | train_classifier.py::objective():169               | Accuracy of the network on the 6006 validation images: 96.98634698634699 %%
2019-12-27 13:11:39,914 |     MainProcess | MainThread | INFO  | train_classifier.py::objective():169               | Accuracy of the network on the 6006 validation images: 97.2027972027972 %%
2019-12-27 13:11:48,135 |     MainProcess | MainThread | INFO  | train_classifier.py::objective():169               | Accuracy of the network on the 6006 validation images: 96.48684648684649 %%
2019-12-27 13:11:56,326 |     MainProcess | MainThread | INFO  | train_classifier.py::objective():169               | Accuracy of the network on the 6006 validation images: 97.7022977022977 %%
2019-12-27 13:12:04,511 |     MainProcess | MainThread | INFO  | train_classifier.py::objective():169               | Accuracy of the network on the 6006 validation images: 97.51914751914752 %%
2019-12-27 13:12:12,748 |     MainProcess | MainThread | INFO  | train_classifier.py::objective():169               | Accuracy of the network on the 6006 validation images: 97.002997002997 %%
2019-12-27 13:12:20,930 |     MainProcess | MainThread | INFO  | train_classifier.py::objective():169               | Accuracy of the network on the 6006 validation images: 97.35264735264735 %%
2019-12-27 13:12:29,136 |     MainProcess | MainThread | INFO  | train_classifier.py::objective():169               | Accuracy of the network on the 6006 validation images: 97.71894771894772 %%
2019-12-27 13:12:37,442 |     MainProcess | MainThread | INFO  | train_classifier.py::objective():169               | Accuracy of the network on the 6006 validation images: 97.15284715284716 %%
2019-12-27 13:12:45,719 |     MainProcess | MainThread | INFO  | train_classifier.py::objective():169               | Accuracy of the network on the 6006 validation images: 97.48584748584749 %%
2019-12-27 13:12:54,132 |     MainProcess | MainThread | INFO  | train_classifier.py::objective():169               | Accuracy of the network on the 6006 validation images: 97.43589743589743 %%
2019-12-27 13:13:02,483 |     MainProcess | MainThread | INFO  | train_classifier.py::objective():169               | Accuracy of the network on the 6006 validation images: 97.48584748584749 %%
2019-12-27 13:13:10,820 |     MainProcess | MainThread | INFO  | train_classifier.py::objective():169               | Accuracy of the network on the 6006 validation images: 97.41924741924741 %%
2019-12-27 13:13:19,136 |     MainProcess | MainThread | INFO  | train_classifier.py::objective():169               | Accuracy of the network on the 6006 validation images: 97.46919746919747 %%
2019-12-27 13:13:27,447 |     MainProcess | MainThread | INFO  | train_classifier.py::objective():169               | Accuracy of the network on the 6006 validation images: 97.76889776889777 %%
2019-12-27 13:13:35,812 |     MainProcess | MainThread | INFO  | train_classifier.py::objective():169               | Accuracy of the network on the 6006 validation images: 97.26939726939727 %%
2019-12-27 13:13:44,160 |     MainProcess | MainThread | INFO  | train_classifier.py::objective():169               | Accuracy of the network on the 6006 validation images: 97.88544788544789 %%
2019-12-27 13:13:52,570 |     MainProcess | MainThread | INFO  | train_classifier.py::objective():169               | Accuracy of the network on the 6006 validation images: 97.7022977022977 %%
2019-12-27 13:14:00,985 |     MainProcess | MainThread | INFO  | train_classifier.py::objective():169               | Accuracy of the network on the 6006 validation images: 96.76989676989677 %%
2019-12-27 13:14:09,443 |     MainProcess | MainThread | INFO  | train_classifier.py::objective():169               | Accuracy of the network on the 6006 validation images: 97.85214785214785 %%
2019-12-27 13:14:17,920 |     MainProcess | MainThread | INFO  | train_classifier.py::objective():169               | Accuracy of the network on the 6006 validation images: 98.06859806859806 %%
2019-12-27 13:14:26,328 |     MainProcess | MainThread | INFO  | train_classifier.py::objective():169               | Accuracy of the network on the 6006 validation images: 97.31934731934732 %%
2019-12-27 13:14:34,736 |     MainProcess | MainThread | INFO  | train_classifier.py::objective():169               | Accuracy of the network on the 6006 validation images: 97.91874791874793 %%
2019-12-27 13:14:43,157 |     MainProcess | MainThread | INFO  | train_classifier.py::objective():169               | Accuracy of the network on the 6006 validation images: 97.95204795204795 %%
2019-12-27 13:14:51,603 |     MainProcess | MainThread | INFO  | train_classifier.py::objective():169               | Accuracy of the network on the 6006 validation images: 97.46919746919747 %%
2019-12-27 13:15:00,115 |     MainProcess | MainThread | INFO  | train_classifier.py::objective():169               | Accuracy of the network on the 6006 validation images: 97.73559773559774 %%
2019-12-27 13:15:08,616 |     MainProcess | MainThread | INFO  | train_classifier.py::objective():169               | Accuracy of the network on the 6006 validation images: 97.43589743589743 %%
2019-12-27 13:15:17,033 |     MainProcess | MainThread | INFO  | train_classifier.py::objective():169               | Accuracy of the network on the 6006 validation images: 97.43589743589743 %%
2019-12-27 13:15:25,551 |     MainProcess | MainThread | INFO  | train_classifier.py::objective():169               | Accuracy of the network on the 6006 validation images: 97.71894771894772 %%
2019-12-27 13:15:33,981 |     MainProcess | MainThread | INFO  | train_classifier.py::objective():169               | Accuracy of the network on the 6006 validation images: 96.90309690309691 %%
2019-12-27 13:15:42,433 |     MainProcess | MainThread | INFO  | train_classifier.py::objective():169               | Accuracy of the network on the 6006 validation images: 97.88544788544789 %%
2019-12-27 13:15:53,851 |     MainProcess | MainThread | INFO  | train_classifier.py::objective():169               | Accuracy of the network on the 6006 validation images: 97.61904761904762 %%
2019-12-27 13:16:02,214 |     MainProcess | MainThread | INFO  | train_classifier.py::objective():169               | Accuracy of the network on the 6006 validation images: 97.65234765234766 %%
2019-12-27 13:16:10,495 |     MainProcess | MainThread | INFO  | train_classifier.py::objective():169               | Accuracy of the network on the 6006 validation images: 97.6023976023976 %%
2019-12-27 13:16:18,825 |     MainProcess | MainThread | INFO  | train_classifier.py::objective():169               | Accuracy of the network on the 6006 validation images: 97.9020979020979 %%
2019-12-27 13:16:27,122 |     MainProcess | MainThread | INFO  | train_classifier.py::objective():169               | Accuracy of the network on the 6006 validation images: 97.3026973026973 %%
2019-12-27 13:16:27,122 |     MainProcess | MainThread | INFO  | train_classifier.py::objective():187               | Finished Training
2019-12-27 13:16:27,123 |     MainProcess | MainThread | INFO  | train_classifier.py::objective():189               | Max Validation accuracy is 98.06859806859806
