2020-02-05 01:29:57,548 |     MainProcess | MainThread | INFO  | GanTrainer.py::train_gan():62                      | Arguments:
{'callbacks_args': [{'InceptionMetric': {'classifier_model_args': {'model_arch_name': 'models.classification.ConvNetSimple.ConvNetSimple',
                                                                   'model_constructor_args': {'input_size': (64,
                                                                                                             64),
                                                                                              'number_of_classes': 7,
                                                                                              'number_of_input_channels': 3},
                                                                   'model_weights_path': 'logs/2020-02-02T22:55:28.368389_train_mode_classification_model_ConvNetSimple_dataset_ISIC_subset_1.0_bs_64_name_Adam_lr_1e-05/epoch_0003-model-val_accuracy_67.0.pth'},
                                         'mode': 'gan',
                                         'sample_size': 64,
                                         'total_samples': 10000,
                                         'transform': {'mean': (0.5,),
                                                       'std': (0.5,)}}},
                    {'FrechetMetric': {'classifier_model_args': {'model_arch_name': 'models.evaluation.inception.InceptionV3',
                                                                 'model_constructor_args': {},
                                                                 'model_weights_path': None},
                                       'classifier_model_layer': None,
                                       'sample_size': 64,
                                       'total_samples': 10000,
                                       'transform': {'mean': (0.5, 0.5, 0.5),
                                                     'std': (0.5, 0.5, 0.5)}}},
                    {'GanSampler': {'num_samples': 16,
                                    'write_to_disk': True,
                                    'write_to_tensorboard': True}}],
 'dataset_args': {'mean': (0.5,),
                  'name': <SupportedDataset.ISIC_Enum: {'dataloader': <class 'dataset.ISIC.ISIC'>, 'image_size': (64, 64), 'channels': 3, 'training_size': 8000, 'labels_count': 7}>,
                  'std': (0.5,),
                  'training_subset_percentage': 1.0},
 'discriminator_model_args': {'model_arch_name': 'models.gan.DCGAN.Discriminator',
                              'model_constructor_args': {'channels': 3},
                              'model_weights_path': None},
 'discriminator_optimizer_args': {'lr': 0.0002, 'name': 'torch.optim.SGD'},
 'generator_model_args': {'model_arch_name': 'models.gan.DCGAN.Generator',
                          'model_constructor_args': {'channels': 3,
                                                     'z_dim': 100},
                          'model_weights_path': None},
 'generator_optimizer_args': {'betas': (0.5, 0.999),
                              'lr': 0.0002,
                              'name': 'torch.optim.Adam'},
 'loss_args': {'name': 'default'},
 'mode': 'dcgan',
 'num_iterations': 50000,
 'outdir': './logs/',
 'random_seed': 96,
 'train_data_args': {'batch_size': 64, 'shuffle': True, 'to_train': True},
 'val_data_args': {'batch_size': 256,
                   'shuffle': False,
                   'validate_step_size': 1}}
2020-02-05 01:29:57,549 |     MainProcess | MainThread | INFO  | tensorboard_writer.py::initialize_tensorboard():67 | Initializing Tensorboard Writer in ./logs/2020-02-05T01:29:57.498195_train_mode_dcgan_model_DCGAN_dataset_ISIC_subset_1.0_bs_64_G_name_Adam_lr_0.0002_betas_(0.5, 0.999)_D_name_SGD_lr_0.0002
2020-02-05 01:29:58,314 |     MainProcess | MainThread | INFO  | GanTrainer.py::train_gan():68                      | Using Random Seed value as: 96
2020-02-05 01:29:58,323 |     MainProcess | MainThread | INFO  | GanTrainer.py::train_gan():75                      | Using device - cuda:0
2020-02-05 01:30:05,206 |     MainProcess | MainThread | INFO  | GanTrainer.py::train_gan():110                     | Generator(
  (main_module): Sequential(
    (0): ConvTranspose2d(100, 1024, kernel_size=(4, 4), stride=(1, 1))
    (1): BatchNorm2d(1024, eps=1e-05, momentum=0.1, affine=True, track_running_stats=True)
    (2): ReLU(inplace=True)
    (3): ConvTranspose2d(1024, 512, kernel_size=(4, 4), stride=(2, 2), padding=(1, 1))
    (4): BatchNorm2d(512, eps=1e-05, momentum=0.1, affine=True, track_running_stats=True)
    (5): ReLU(inplace=True)
    (6): ConvTranspose2d(512, 256, kernel_size=(4, 4), stride=(2, 2), padding=(1, 1))
    (7): BatchNorm2d(256, eps=1e-05, momentum=0.1, affine=True, track_running_stats=True)
    (8): ReLU(inplace=True)
    (9): ConvTranspose2d(256, 128, kernel_size=(4, 4), stride=(2, 2), padding=(1, 1))
    (10): BatchNorm2d(128, eps=1e-05, momentum=0.1, affine=True, track_running_stats=True)
    (11): ReLU(inplace=True)
    (12): ConvTranspose2d(128, 3, kernel_size=(4, 4), stride=(2, 2), padding=(1, 1))
  )
  (output): Tanh()
)
2020-02-05 01:30:05,207 |     MainProcess | MainThread | INFO  | GanTrainer.py::train_gan():111                     | Discriminator(
  (main_module): Sequential(
    (0): Conv2d(3, 128, kernel_size=(4, 4), stride=(2, 2), padding=(1, 1))
    (1): BatchNorm2d(128, eps=1e-05, momentum=0.1, affine=True, track_running_stats=True)
    (2): LeakyReLU(negative_slope=0.2, inplace=True)
    (3): Conv2d(128, 256, kernel_size=(4, 4), stride=(2, 2), padding=(1, 1))
    (4): BatchNorm2d(256, eps=1e-05, momentum=0.1, affine=True, track_running_stats=True)
    (5): LeakyReLU(negative_slope=0.2, inplace=True)
    (6): Conv2d(256, 512, kernel_size=(4, 4), stride=(2, 2), padding=(1, 1))
    (7): BatchNorm2d(512, eps=1e-05, momentum=0.1, affine=True, track_running_stats=True)
    (8): LeakyReLU(negative_slope=0.2, inplace=True)
    (9): Conv2d(512, 1024, kernel_size=(4, 4), stride=(2, 2), padding=(1, 1))
    (10): BatchNorm2d(1024, eps=1e-05, momentum=0.1, affine=True, track_running_stats=True)
    (11): LeakyReLU(negative_slope=0.2, inplace=True)
  )
  (output): Sequential(
    (0): Conv2d(1024, 1, kernel_size=(4, 4), stride=(1, 1))
  )
)
2020-02-05 01:30:05,207 |     MainProcess | MainThread | INFO  | GanTrainer.py::train_gan():127                     | Interval 1/125
2020-02-05 01:33:11,038 |     MainProcess | MainThread | INFO  | inception_metric_callback.py::on_nth_iteration():58 | Inception score at iteration 400 is 1.000058650970459
2020-02-05 01:33:49,630 |     MainProcess | MainThread | INFO  | frechet_metric_callback.py::on_nth_iteration():63  | Frechet score at iteration 400 is 469.3398470214147
2020-02-05 01:33:49,916 |     MainProcess | MainThread | INFO  | GanTrainer.py::train_gan():127                     | Interval 2/125
2020-02-05 01:36:53,637 |     MainProcess | MainThread | INFO  | inception_metric_callback.py::on_nth_iteration():58 | Inception score at iteration 800 is 1.000044345855713
2020-02-05 01:37:27,569 |     MainProcess | MainThread | INFO  | frechet_metric_callback.py::on_nth_iteration():63  | Frechet score at iteration 800 is 533.0051952066224
2020-02-05 01:37:27,829 |     MainProcess | MainThread | INFO  | GanTrainer.py::train_gan():127                     | Interval 3/125
2020-02-05 01:40:35,497 |     MainProcess | MainThread | INFO  | inception_metric_callback.py::on_nth_iteration():58 | Inception score at iteration 1200 is 1.0004204511642456
2020-02-05 01:41:09,398 |     MainProcess | MainThread | INFO  | frechet_metric_callback.py::on_nth_iteration():63  | Frechet score at iteration 1200 is 461.6402177556392
2020-02-05 01:41:09,697 |     MainProcess | MainThread | INFO  | GanTrainer.py::train_gan():127                     | Interval 4/125
2020-02-05 01:44:17,400 |     MainProcess | MainThread | INFO  | inception_metric_callback.py::on_nth_iteration():58 | Inception score at iteration 1600 is 1.0009682178497314
2020-02-05 01:44:51,170 |     MainProcess | MainThread | INFO  | frechet_metric_callback.py::on_nth_iteration():63  | Frechet score at iteration 1600 is 456.7774662014145
2020-02-05 01:44:51,469 |     MainProcess | MainThread | INFO  | GanTrainer.py::train_gan():127                     | Interval 5/125
2020-02-05 01:47:55,753 |     MainProcess | MainThread | INFO  | inception_metric_callback.py::on_nth_iteration():58 | Inception score at iteration 2000 is 1.000814437866211
2020-02-05 01:48:29,690 |     MainProcess | MainThread | INFO  | frechet_metric_callback.py::on_nth_iteration():63  | Frechet score at iteration 2000 is 488.5790777928938
2020-02-05 01:48:29,926 |     MainProcess | MainThread | INFO  | GanTrainer.py::train_gan():127                     | Interval 6/125
2020-02-05 01:51:39,057 |     MainProcess | MainThread | INFO  | inception_metric_callback.py::on_nth_iteration():58 | Inception score at iteration 2400 is 1.0005264282226562
2020-02-05 01:52:13,042 |     MainProcess | MainThread | INFO  | frechet_metric_callback.py::on_nth_iteration():63  | Frechet score at iteration 2400 is 441.6790965291881
2020-02-05 01:52:13,331 |     MainProcess | MainThread | INFO  | GanTrainer.py::train_gan():127                     | Interval 7/125
2020-02-05 01:55:21,017 |     MainProcess | MainThread | INFO  | inception_metric_callback.py::on_nth_iteration():58 | Inception score at iteration 2800 is 1.0005419254302979
2020-02-05 01:55:55,151 |     MainProcess | MainThread | INFO  | frechet_metric_callback.py::on_nth_iteration():63  | Frechet score at iteration 2800 is 493.5044716169282
2020-02-05 01:55:55,383 |     MainProcess | MainThread | INFO  | GanTrainer.py::train_gan():127                     | Interval 8/125
2020-02-05 01:58:59,821 |     MainProcess | MainThread | INFO  | inception_metric_callback.py::on_nth_iteration():58 | Inception score at iteration 3200 is 1.0003784894943237
2020-02-05 01:59:33,748 |     MainProcess | MainThread | INFO  | frechet_metric_callback.py::on_nth_iteration():63  | Frechet score at iteration 3200 is 451.9772153703865
2020-02-05 01:59:33,987 |     MainProcess | MainThread | INFO  | GanTrainer.py::train_gan():127                     | Interval 9/125
2020-02-05 02:02:41,745 |     MainProcess | MainThread | INFO  | inception_metric_callback.py::on_nth_iteration():58 | Inception score at iteration 3600 is 1.0003019571304321
2020-02-05 02:03:15,925 |     MainProcess | MainThread | INFO  | frechet_metric_callback.py::on_nth_iteration():63  | Frechet score at iteration 3600 is 464.43521381920937
2020-02-05 02:03:16,166 |     MainProcess | MainThread | INFO  | GanTrainer.py::train_gan():127                     | Interval 10/125
