2019-12-22 02:24:08,373 |     MainProcess | MainThread | INFO  | train_classifier.py::objective():54                | Arguments:
{'callbacks_args': [],
 'dataset_args': {'name': <SupportedDataset.MNIST_Enum: {'dataloader': <class 'dataset.MNIST.MNIST'>, 'image_size': (32, 32), 'channels': 1, 'training_size': 60000, 'labels_count': 10}>,
                  'training_subset_percentage': 1.0},
 'loss_args': {'name': 'torch.nn.CrossEntropyLoss'},
 'mode': 'classification',
 'model_args': {'model_arch_name': 'models.classification.ConvNetSimple.ConvNetSimple',
                'model_constructor_args': {'input_size': (32, 32),
                                           'number_of_classes': 10,
                                           'number_of_input_channels': 1},
                'model_weights_path': None},
 'nb_epochs': 50,
 'optimizer_args': {'lr': 0.001, 'name': 'torch.optim.Adam'},
 'outdir': './logs/',
 'random_seed': 42,
 'train_data_args': {'batch_size': 64, 'shuffle': True, 'to_train': True},
 'val_data_args': {'batch_size': 256,
                   'shuffle': False,
                   'validate_step_size': 1}}
2019-12-22 02:24:08,373 |     MainProcess | MainThread | INFO  | tensorboard_writer.py::initialize_tensorboard():64 | Initializing Tensorboard Writer in ./logs/2019-12-22T02:24:08.329024_mode_classification_model_ConvNetSimple_dataset_MNIST_subset_1.0_bs_64_name_Adam_lr_0.001
2019-12-22 02:24:08,374 |     MainProcess | MainThread | INFO  | train_classifier.py::objective():60                | Using Random Seed value as: 42
2019-12-22 02:24:08,388 |     MainProcess | MainThread | INFO  | train_classifier.py::objective():67                | Using device - cuda:0
2019-12-22 02:24:11,260 |     MainProcess | MainThread | INFO  | MNIST.py::__init__():32                            | Mean and Std used: (0.5,), (0.5,)
2019-12-22 02:24:19,774 |     MainProcess | MainThread | INFO  | train_classifier.py::objective():169               | Accuracy of the network on the 6006 validation images: 94.22244422244422 %%
2019-12-22 02:24:27,599 |     MainProcess | MainThread | INFO  | train_classifier.py::objective():169               | Accuracy of the network on the 6006 validation images: 95.87079587079587 %%
2019-12-22 02:24:35,507 |     MainProcess | MainThread | INFO  | train_classifier.py::objective():169               | Accuracy of the network on the 6006 validation images: 96.63669663669664 %%
2019-12-22 02:24:43,331 |     MainProcess | MainThread | INFO  | train_classifier.py::objective():169               | Accuracy of the network on the 6006 validation images: 97.43589743589743 %%
2019-12-22 02:24:51,583 |     MainProcess | MainThread | INFO  | train_classifier.py::objective():169               | Accuracy of the network on the 6006 validation images: 97.56909756909756 %%
2019-12-22 02:24:59,775 |     MainProcess | MainThread | INFO  | train_classifier.py::objective():169               | Accuracy of the network on the 6006 validation images: 98.2017982017982 %%
2019-12-22 02:25:07,980 |     MainProcess | MainThread | INFO  | train_classifier.py::objective():169               | Accuracy of the network on the 6006 validation images: 98.08524808524808 %%
2019-12-22 02:25:16,189 |     MainProcess | MainThread | INFO  | train_classifier.py::objective():169               | Accuracy of the network on the 6006 validation images: 98.36829836829837 %%
2019-12-22 02:25:24,403 |     MainProcess | MainThread | INFO  | train_classifier.py::objective():169               | Accuracy of the network on the 6006 validation images: 98.35164835164835 %%
2019-12-22 02:25:32,591 |     MainProcess | MainThread | INFO  | train_classifier.py::objective():169               | Accuracy of the network on the 6006 validation images: 98.43489843489843 %%
2019-12-22 02:25:40,750 |     MainProcess | MainThread | INFO  | train_classifier.py::objective():169               | Accuracy of the network on the 6006 validation images: 98.66799866799867 %%
2019-12-22 02:25:49,067 |     MainProcess | MainThread | INFO  | train_classifier.py::objective():169               | Accuracy of the network on the 6006 validation images: 98.81784881784881 %%
2019-12-22 02:25:57,291 |     MainProcess | MainThread | INFO  | train_classifier.py::objective():169               | Accuracy of the network on the 6006 validation images: 98.76789876789877 %%
2019-12-22 02:26:05,606 |     MainProcess | MainThread | INFO  | train_classifier.py::objective():169               | Accuracy of the network on the 6006 validation images: 98.71794871794872 %%
2019-12-22 02:26:13,855 |     MainProcess | MainThread | INFO  | train_classifier.py::objective():169               | Accuracy of the network on the 6006 validation images: 98.45154845154845 %%
2019-12-22 02:26:22,200 |     MainProcess | MainThread | INFO  | train_classifier.py::objective():169               | Accuracy of the network on the 6006 validation images: 98.96769896769896 %%
2019-12-22 02:26:30,886 |     MainProcess | MainThread | INFO  | train_classifier.py::objective():169               | Accuracy of the network on the 6006 validation images: 98.78454878454879 %%
2019-12-22 02:26:39,213 |     MainProcess | MainThread | INFO  | train_classifier.py::objective():169               | Accuracy of the network on the 6006 validation images: 99.03429903429904 %%
2019-12-22 02:26:47,563 |     MainProcess | MainThread | INFO  | train_classifier.py::objective():169               | Accuracy of the network on the 6006 validation images: 98.95104895104895 %%
2019-12-22 02:26:56,007 |     MainProcess | MainThread | INFO  | train_classifier.py::objective():169               | Accuracy of the network on the 6006 validation images: 98.86779886779887 %%
2019-12-22 02:27:04,878 |     MainProcess | MainThread | INFO  | train_classifier.py::objective():169               | Accuracy of the network on the 6006 validation images: 99.03429903429904 %%
2019-12-22 02:27:13,770 |     MainProcess | MainThread | INFO  | train_classifier.py::objective():169               | Accuracy of the network on the 6006 validation images: 98.96769896769896 %%
2019-12-22 02:27:22,617 |     MainProcess | MainThread | INFO  | train_classifier.py::objective():169               | Accuracy of the network on the 6006 validation images: 98.91774891774892 %%
2019-12-22 02:27:31,558 |     MainProcess | MainThread | INFO  | train_classifier.py::objective():169               | Accuracy of the network on the 6006 validation images: 98.81784881784881 %%
2019-12-22 02:27:42,548 |     MainProcess | MainThread | INFO  | train_classifier.py::objective():169               | Accuracy of the network on the 6006 validation images: 99.06759906759906 %%
2019-12-22 02:27:51,832 |     MainProcess | MainThread | INFO  | train_classifier.py::objective():169               | Accuracy of the network on the 6006 validation images: 98.83449883449883 %%
2019-12-22 02:28:02,490 |     MainProcess | MainThread | INFO  | train_classifier.py::objective():169               | Accuracy of the network on the 6006 validation images: 99.06759906759906 %%
2019-12-22 02:28:11,445 |     MainProcess | MainThread | INFO  | train_classifier.py::objective():169               | Accuracy of the network on the 6006 validation images: 98.83449883449883 %%
2019-12-22 02:28:19,965 |     MainProcess | MainThread | INFO  | train_classifier.py::objective():169               | Accuracy of the network on the 6006 validation images: 98.88444888444889 %%
2019-12-22 02:28:28,453 |     MainProcess | MainThread | INFO  | train_classifier.py::objective():169               | Accuracy of the network on the 6006 validation images: 99.01764901764902 %%
2019-12-22 02:28:37,319 |     MainProcess | MainThread | INFO  | train_classifier.py::objective():169               | Accuracy of the network on the 6006 validation images: 99.06759906759906 %%
2019-12-22 02:28:46,506 |     MainProcess | MainThread | INFO  | train_classifier.py::objective():169               | Accuracy of the network on the 6006 validation images: 99.000999000999 %%
2019-12-22 02:28:55,080 |     MainProcess | MainThread | INFO  | train_classifier.py::objective():169               | Accuracy of the network on the 6006 validation images: 99.11754911754912 %%
2019-12-22 02:29:03,813 |     MainProcess | MainThread | INFO  | train_classifier.py::objective():169               | Accuracy of the network on the 6006 validation images: 98.80119880119881 %%
2019-12-22 02:29:12,500 |     MainProcess | MainThread | INFO  | train_classifier.py::objective():169               | Accuracy of the network on the 6006 validation images: 99.06759906759906 %%
2019-12-22 02:29:21,164 |     MainProcess | MainThread | INFO  | train_classifier.py::objective():169               | Accuracy of the network on the 6006 validation images: 98.88444888444889 %%
2019-12-22 02:29:29,780 |     MainProcess | MainThread | INFO  | train_classifier.py::objective():169               | Accuracy of the network on the 6006 validation images: 99.01764901764902 %%
2019-12-22 02:29:38,459 |     MainProcess | MainThread | INFO  | train_classifier.py::objective():169               | Accuracy of the network on the 6006 validation images: 99.05094905094906 %%
2019-12-22 02:29:47,162 |     MainProcess | MainThread | INFO  | train_classifier.py::objective():169               | Accuracy of the network on the 6006 validation images: 98.86779886779887 %%
2019-12-22 02:29:55,967 |     MainProcess | MainThread | INFO  | train_classifier.py::objective():169               | Accuracy of the network on the 6006 validation images: 99.03429903429904 %%
2019-12-22 02:30:04,663 |     MainProcess | MainThread | INFO  | train_classifier.py::objective():169               | Accuracy of the network on the 6006 validation images: 99.01764901764902 %%
2019-12-22 02:30:16,511 |     MainProcess | MainThread | INFO  | train_classifier.py::objective():169               | Accuracy of the network on the 6006 validation images: 98.98434898434898 %%
2019-12-22 02:30:28,543 |     MainProcess | MainThread | INFO  | train_classifier.py::objective():169               | Accuracy of the network on the 6006 validation images: 99.01764901764902 %%
2019-12-22 02:30:38,621 |     MainProcess | MainThread | INFO  | train_classifier.py::objective():169               | Accuracy of the network on the 6006 validation images: 98.88444888444889 %%
2019-12-22 02:30:48,182 |     MainProcess | MainThread | INFO  | train_classifier.py::objective():169               | Accuracy of the network on the 6006 validation images: 98.76789876789877 %%
2019-12-22 02:30:56,766 |     MainProcess | MainThread | INFO  | train_classifier.py::objective():169               | Accuracy of the network on the 6006 validation images: 99.01764901764902 %%
2019-12-22 02:31:05,764 |     MainProcess | MainThread | INFO  | train_classifier.py::objective():169               | Accuracy of the network on the 6006 validation images: 99.06759906759906 %%
2019-12-22 02:31:14,454 |     MainProcess | MainThread | INFO  | train_classifier.py::objective():169               | Accuracy of the network on the 6006 validation images: 99.11754911754912 %%
2019-12-22 02:31:23,222 |     MainProcess | MainThread | INFO  | train_classifier.py::objective():169               | Accuracy of the network on the 6006 validation images: 99.11754911754912 %%
2019-12-22 02:31:32,085 |     MainProcess | MainThread | INFO  | train_classifier.py::objective():169               | Accuracy of the network on the 6006 validation images: 98.98434898434898 %%
2019-12-22 02:31:32,086 |     MainProcess | MainThread | INFO  | train_classifier.py::objective():187               | Finished Training
2019-12-22 02:31:32,086 |     MainProcess | MainThread | INFO  | train_classifier.py::objective():189               | Max Validation accuracy is 99.11754911754912
