2020-02-06 11:41:50,942 |     MainProcess | MainThread | INFO  | GanTrainer.py::train_gan():64                      | Arguments:
{'callbacks_args': [{'InceptionMetric': {'classifier_model_args': {'model_arch_name': 'models.classification.ConvNetSimple.ConvNetSimple',
                                                                   'model_constructor_args': {'input_size': (64,
                                                                                                             64),
                                                                                              'number_of_classes': 7,
                                                                                              'number_of_input_channels': 3},
                                                                   'model_weights_path': 'logs/2020-02-02T22:55:28.368389_train_mode_classification_model_ConvNetSimple_dataset_ISIC_subset_1.0_bs_64_name_Adam_lr_1e-05/epoch_0003-model-val_accuracy_67.0.pth'},
                                         'mode': 'gan',
                                         'sample_size': 16,
                                         'total_samples': 10000,
                                         'transform': {'mean': (0.5,),
                                                       'std': (0.5,)}}},
                    {'FrechetMetric': {'classifier_model_args': {'model_arch_name': 'models.evaluation.inception.InceptionV3',
                                                                 'model_constructor_args': {},
                                                                 'model_weights_path': None},
                                       'classifier_model_layer': None,
                                       'sample_size': 16,
                                       'total_samples': 10000,
                                       'transform': {'mean': (0.5, 0.5, 0.5),
                                                     'std': (0.5, 0.5, 0.5)}}},
                    {'GanSampler': {'num_samples': 16,
                                    'write_to_disk': True,
                                    'write_to_tensorboard': True}}],
 'dataset_args': {'mean': (0.5,),
                  'name': <SupportedDataset.ISIC_Enum: {'dataloader': <class 'dataset.ISIC.ISIC'>, 'image_size': (64, 64), 'channels': 3, 'training_size': 8000, 'labels_count': 7}>,
                  'std': (0.5,),
                  'training_subset_percentage': 1.0},
 'discriminator_model_args': {'model_arch_name': 'models.gan.DCGAN.Discriminator',
                              'model_constructor_args': {'channels': 3},
                              'model_weights_path': None},
 'discriminator_optimizer_args': {'betas': (0.5, 0.999),
                                  'lr': 0.0002,
                                  'name': 'torch.optim.Adam'},
 'generator_model_args': {'model_arch_name': 'models.gan.DCGAN.Generator',
                          'model_constructor_args': {'channels': 3,
                                                     'z_dim': 100},
                          'model_weights_path': None},
 'generator_optimizer_args': {'betas': (0.5, 0.999),
                              'lr': 0.0002,
                              'name': 'torch.optim.Adam'},
 'loss_args': {'name': 'default'},
 'mode': 'dcgan',
 'num_iterations': 50000,
 'outdir': './logs/',
 'random_seed': 24,
 'train_data_args': {'batch_size': 16, 'shuffle': True, 'to_train': True},
 'val_data_args': {'batch_size': 64, 'shuffle': False, 'validate_step_size': 1}}
2020-02-06 11:41:50,942 |     MainProcess | MainThread | INFO  | tensorboard_writer.py::initialize_tensorboard():67 | Initializing Tensorboard Writer in ./logs/2020-02-06T11:41:50.895149_train_mode_dcgan_model_DCGAN_dataset_ISIC_subset_1.0_bs_16_G_name_Adam_lr_0.0002_betas_(0.5, 0.999)_D_name_Adam_lr_0.0002_betas_(0.5, 0.999)
2020-02-06 11:41:51,673 |     MainProcess | MainThread | INFO  | GanTrainer.py::train_gan():70                      | Using Random Seed value as: 24
2020-02-06 11:41:51,684 |     MainProcess | MainThread | INFO  | GanTrainer.py::train_gan():77                      | Using device - cuda:0
2020-02-06 11:42:03,711 |     MainProcess | MainThread | INFO  | GanTrainer.py::train_gan():113                     | Generator(
  (main_module): Sequential(
    (0): ConvTranspose2d(100, 1024, kernel_size=(4, 4), stride=(1, 1))
    (1): BatchNorm2d(1024, eps=1e-05, momentum=0.1, affine=True, track_running_stats=True)
    (2): ReLU(inplace=True)
    (3): ConvTranspose2d(1024, 512, kernel_size=(4, 4), stride=(2, 2), padding=(1, 1))
    (4): BatchNorm2d(512, eps=1e-05, momentum=0.1, affine=True, track_running_stats=True)
    (5): ReLU(inplace=True)
    (6): ConvTranspose2d(512, 256, kernel_size=(4, 4), stride=(2, 2), padding=(1, 1))
    (7): BatchNorm2d(256, eps=1e-05, momentum=0.1, affine=True, track_running_stats=True)
    (8): ReLU(inplace=True)
    (9): ConvTranspose2d(256, 128, kernel_size=(4, 4), stride=(2, 2), padding=(1, 1))
    (10): BatchNorm2d(128, eps=1e-05, momentum=0.1, affine=True, track_running_stats=True)
    (11): ReLU(inplace=True)
    (12): ConvTranspose2d(128, 3, kernel_size=(4, 4), stride=(2, 2), padding=(1, 1))
  )
  (output): Tanh()
)
2020-02-06 11:42:03,712 |     MainProcess | MainThread | INFO  | GanTrainer.py::train_gan():114                     | Discriminator(
  (main_module): Sequential(
    (0): Conv2d(3, 128, kernel_size=(4, 4), stride=(2, 2), padding=(1, 1))
    (1): LeakyReLU(negative_slope=0.2, inplace=True)
    (2): Conv2d(128, 256, kernel_size=(4, 4), stride=(2, 2), padding=(1, 1))
    (3): BatchNorm2d(256, eps=1e-05, momentum=0.1, affine=True, track_running_stats=True)
    (4): LeakyReLU(negative_slope=0.2, inplace=True)
    (5): Conv2d(256, 512, kernel_size=(4, 4), stride=(2, 2), padding=(1, 1))
    (6): BatchNorm2d(512, eps=1e-05, momentum=0.1, affine=True, track_running_stats=True)
    (7): LeakyReLU(negative_slope=0.2, inplace=True)
    (8): Conv2d(512, 1024, kernel_size=(4, 4), stride=(2, 2), padding=(1, 1))
    (9): BatchNorm2d(1024, eps=1e-05, momentum=0.1, affine=True, track_running_stats=True)
    (10): LeakyReLU(negative_slope=0.2, inplace=True)
  )
  (output): Sequential(
    (0): Conv2d(1024, 1, kernel_size=(4, 4), stride=(1, 1))
  )
)
2020-02-06 11:42:03,712 |     MainProcess | MainThread | INFO  | GanTrainer.py::train_gan():132                     | Interval 1/125
2020-02-06 11:44:24,794 |     MainProcess | MainThread | INFO  | inception_metric_callback.py::on_nth_iteration():58 | Inception score at iteration 400 is 1.000184178352356
2020-02-06 11:45:52,926 |     MainProcess | MainThread | INFO  | frechet_metric_callback.py::on_nth_iteration():63  | Frechet score at iteration 400 is 475.94716167160095
2020-02-06 11:45:53,302 |     MainProcess | MainThread | INFO  | GanTrainer.py::train_gan():132                     | Interval 2/125
2020-02-06 11:48:22,775 |     MainProcess | MainThread | INFO  | inception_metric_callback.py::on_nth_iteration():58 | Inception score at iteration 800 is 1.0001757144927979
2020-02-06 11:49:47,834 |     MainProcess | MainThread | INFO  | frechet_metric_callback.py::on_nth_iteration():63  | Frechet score at iteration 800 is 476.4090386666568
2020-02-06 11:49:48,105 |     MainProcess | MainThread | INFO  | GanTrainer.py::train_gan():132                     | Interval 3/125
2020-02-06 11:52:18,654 |     MainProcess | MainThread | INFO  | inception_metric_callback.py::on_nth_iteration():58 | Inception score at iteration 1200 is 1.0001800060272217
2020-02-06 11:53:35,163 |     MainProcess | MainThread | INFO  | frechet_metric_callback.py::on_nth_iteration():63  | Frechet score at iteration 1200 is 475.69071993305727
2020-02-06 11:53:35,481 |     MainProcess | MainThread | INFO  | GanTrainer.py::train_gan():132                     | Interval 4/125
2020-02-06 11:56:03,682 |     MainProcess | MainThread | INFO  | inception_metric_callback.py::on_nth_iteration():58 | Inception score at iteration 1600 is 1.0001826286315918
2020-02-06 11:57:30,213 |     MainProcess | MainThread | INFO  | frechet_metric_callback.py::on_nth_iteration():63  | Frechet score at iteration 1600 is 475.83081298701325
2020-02-06 11:57:30,477 |     MainProcess | MainThread | INFO  | GanTrainer.py::train_gan():132                     | Interval 5/125
2020-02-06 11:59:55,145 |     MainProcess | MainThread | INFO  | inception_metric_callback.py::on_nth_iteration():58 | Inception score at iteration 2000 is 1.0001789331436157
2020-02-06 12:01:09,570 |     MainProcess | MainThread | INFO  | frechet_metric_callback.py::on_nth_iteration():63  | Frechet score at iteration 2000 is 476.04735995186206
2020-02-06 12:01:09,836 |     MainProcess | MainThread | INFO  | GanTrainer.py::train_gan():132                     | Interval 6/125
2020-02-06 12:03:39,124 |     MainProcess | MainThread | INFO  | inception_metric_callback.py::on_nth_iteration():58 | Inception score at iteration 2400 is 1.000179409980774
2020-02-06 12:05:06,664 |     MainProcess | MainThread | INFO  | frechet_metric_callback.py::on_nth_iteration():63  | Frechet score at iteration 2400 is 476.11525087448655
2020-02-06 12:05:06,943 |     MainProcess | MainThread | INFO  | GanTrainer.py::train_gan():132                     | Interval 7/125
2020-02-06 12:07:34,036 |     MainProcess | MainThread | INFO  | inception_metric_callback.py::on_nth_iteration():58 | Inception score at iteration 2800 is 1.000182032585144
2020-02-06 12:08:46,440 |     MainProcess | MainThread | INFO  | frechet_metric_callback.py::on_nth_iteration():63  | Frechet score at iteration 2800 is 475.9883004790215
2020-02-06 12:08:46,708 |     MainProcess | MainThread | INFO  | GanTrainer.py::train_gan():132                     | Interval 8/125
2020-02-06 12:19:23,774 |     MainProcess | MainThread | INFO  | inception_metric_callback.py::on_nth_iteration():58 | Inception score at iteration 3200 is 1.0001779794692993
2020-02-06 12:20:48,589 |     MainProcess | MainThread | INFO  | frechet_metric_callback.py::on_nth_iteration():63  | Frechet score at iteration 3200 is 475.99247275808625
2020-02-06 12:20:48,841 |     MainProcess | MainThread | INFO  | GanTrainer.py::train_gan():132                     | Interval 9/125
2020-02-06 12:23:17,851 |     MainProcess | MainThread | INFO  | inception_metric_callback.py::on_nth_iteration():58 | Inception score at iteration 3600 is 1.0001846551895142
2020-02-06 12:24:43,917 |     MainProcess | MainThread | INFO  | frechet_metric_callback.py::on_nth_iteration():63  | Frechet score at iteration 3600 is 475.8608158400335
2020-02-06 12:24:44,165 |     MainProcess | MainThread | INFO  | GanTrainer.py::train_gan():132                     | Interval 10/125
2020-02-06 12:26:58,861 |     MainProcess | MainThread | INFO  | inception_metric_callback.py::on_nth_iteration():58 | Inception score at iteration 4000 is 1.0001797676086426
2020-02-06 12:28:21,910 |     MainProcess | MainThread | INFO  | frechet_metric_callback.py::on_nth_iteration():63  | Frechet score at iteration 4000 is 475.73755272757717
2020-02-06 12:28:22,172 |     MainProcess | MainThread | INFO  | GanTrainer.py::train_gan():132                     | Interval 11/125
2020-02-06 12:30:51,562 |     MainProcess | MainThread | INFO  | inception_metric_callback.py::on_nth_iteration():58 | Inception score at iteration 4400 is 1.0001778602600098
2020-02-06 12:32:16,985 |     MainProcess | MainThread | INFO  | frechet_metric_callback.py::on_nth_iteration():63  | Frechet score at iteration 4400 is 475.94261110715416
2020-02-06 12:32:17,236 |     MainProcess | MainThread | INFO  | GanTrainer.py::train_gan():132                     | Interval 12/125
2020-02-06 12:34:32,758 |     MainProcess | MainThread | INFO  | inception_metric_callback.py::on_nth_iteration():58 | Inception score at iteration 4800 is 1.0001810789108276
2020-02-06 12:35:57,647 |     MainProcess | MainThread | INFO  | frechet_metric_callback.py::on_nth_iteration():63  | Frechet score at iteration 4800 is 475.82870257597494
2020-02-06 12:35:57,910 |     MainProcess | MainThread | INFO  | GanTrainer.py::train_gan():132                     | Interval 13/125
2020-02-06 12:38:27,864 |     MainProcess | MainThread | INFO  | inception_metric_callback.py::on_nth_iteration():58 | Inception score at iteration 5200 is 1.0001813173294067
2020-02-06 12:39:52,861 |     MainProcess | MainThread | INFO  | frechet_metric_callback.py::on_nth_iteration():63  | Frechet score at iteration 5200 is 476.1757639352647
2020-02-06 12:39:53,115 |     MainProcess | MainThread | INFO  | GanTrainer.py::train_gan():132                     | Interval 14/125
2020-02-06 12:42:09,110 |     MainProcess | MainThread | INFO  | inception_metric_callback.py::on_nth_iteration():58 | Inception score at iteration 5600 is 1.0001729726791382
2020-02-06 12:43:34,183 |     MainProcess | MainThread | INFO  | frechet_metric_callback.py::on_nth_iteration():63  | Frechet score at iteration 5600 is 475.89145980025273
2020-02-06 12:43:34,442 |     MainProcess | MainThread | INFO  | GanTrainer.py::train_gan():132                     | Interval 15/125
2020-02-06 12:46:03,637 |     MainProcess | MainThread | INFO  | inception_metric_callback.py::on_nth_iteration():58 | Inception score at iteration 6000 is 1.000180959701538
2020-02-06 12:47:26,264 |     MainProcess | MainThread | INFO  | frechet_metric_callback.py::on_nth_iteration():63  | Frechet score at iteration 6000 is 475.7674626435143
2020-02-06 12:47:26,527 |     MainProcess | MainThread | INFO  | GanTrainer.py::train_gan():132                     | Interval 16/125
2020-02-06 12:49:43,329 |     MainProcess | MainThread | INFO  | inception_metric_callback.py::on_nth_iteration():58 | Inception score at iteration 6400 is 1.0001813173294067
2020-02-06 12:51:08,179 |     MainProcess | MainThread | INFO  | frechet_metric_callback.py::on_nth_iteration():63  | Frechet score at iteration 6400 is 475.91028410818615
2020-02-06 12:51:08,443 |     MainProcess | MainThread | INFO  | GanTrainer.py::train_gan():132                     | Interval 17/125
2020-02-06 12:53:38,299 |     MainProcess | MainThread | INFO  | inception_metric_callback.py::on_nth_iteration():58 | Inception score at iteration 6800 is 1.0001789331436157
2020-02-06 12:55:05,550 |     MainProcess | MainThread | INFO  | frechet_metric_callback.py::on_nth_iteration():63  | Frechet score at iteration 6800 is 475.6883674894093
2020-02-06 12:55:05,878 |     MainProcess | MainThread | INFO  | GanTrainer.py::train_gan():132                     | Interval 18/125
2020-02-06 12:57:29,206 |     MainProcess | MainThread | INFO  | inception_metric_callback.py::on_nth_iteration():58 | Inception score at iteration 7200 is 1.0001749992370605
2020-02-06 12:58:45,557 |     MainProcess | MainThread | INFO  | frechet_metric_callback.py::on_nth_iteration():63  | Frechet score at iteration 7200 is 475.6551482452123
2020-02-06 12:58:45,890 |     MainProcess | MainThread | INFO  | GanTrainer.py::train_gan():132                     | Interval 19/125
2020-02-06 13:01:15,353 |     MainProcess | MainThread | INFO  | inception_metric_callback.py::on_nth_iteration():58 | Inception score at iteration 7600 is 1.00017511844635
2020-02-06 13:02:40,350 |     MainProcess | MainThread | INFO  | frechet_metric_callback.py::on_nth_iteration():63  | Frechet score at iteration 7600 is 476.03813019463433
2020-02-06 13:02:40,619 |     MainProcess | MainThread | INFO  | GanTrainer.py::train_gan():132                     | Interval 20/125
2020-02-06 13:05:05,631 |     MainProcess | MainThread | INFO  | inception_metric_callback.py::on_nth_iteration():58 | Inception score at iteration 8000 is 1.0001766681671143
2020-02-06 13:06:19,829 |     MainProcess | MainThread | INFO  | frechet_metric_callback.py::on_nth_iteration():63  | Frechet score at iteration 8000 is 475.7985992243067
2020-02-06 13:06:20,091 |     MainProcess | MainThread | INFO  | GanTrainer.py::train_gan():132                     | Interval 21/125
