2020-02-05 02:16:38,482 |     MainProcess | MainThread | INFO  | GanTrainer.py::train_gan():62                      | Arguments:
{'callbacks_args': [{'InceptionMetric': {'classifier_model_args': {'model_arch_name': 'models.classification.ConvNetSimple.ConvNetSimple',
                                                                   'model_constructor_args': {'input_size': (64,
                                                                                                             64),
                                                                                              'number_of_classes': 7,
                                                                                              'number_of_input_channels': 3},
                                                                   'model_weights_path': 'logs/2020-02-02T22:55:28.368389_train_mode_classification_model_ConvNetSimple_dataset_ISIC_subset_1.0_bs_64_name_Adam_lr_1e-05/epoch_0003-model-val_accuracy_67.0.pth'},
                                         'mode': 'gan',
                                         'sample_size': 64,
                                         'total_samples': 10000,
                                         'transform': {'mean': (0.5,),
                                                       'std': (0.5,)}}},
                    {'FrechetMetric': {'classifier_model_args': {'model_arch_name': 'models.evaluation.inception.InceptionV3',
                                                                 'model_constructor_args': {},
                                                                 'model_weights_path': None},
                                       'classifier_model_layer': None,
                                       'sample_size': 64,
                                       'total_samples': 10000,
                                       'transform': {'mean': (0.5, 0.5, 0.5),
                                                     'std': (0.5, 0.5, 0.5)}}},
                    {'GanSampler': {'num_samples': 16,
                                    'write_to_disk': True,
                                    'write_to_tensorboard': True}}],
 'dataset_args': {'mean': (0.5,),
                  'name': <SupportedDataset.ISIC_Enum: {'dataloader': <class 'dataset.ISIC.ISIC'>, 'image_size': (64, 64), 'channels': 3, 'training_size': 8000, 'labels_count': 7}>,
                  'std': (0.5,),
                  'training_subset_percentage': 1.0},
 'discriminator_model_args': {'model_arch_name': 'models.gan.DCGAN.Discriminator',
                              'model_constructor_args': {'channels': 3},
                              'model_weights_path': None},
 'discriminator_optimizer_args': {'lr': 0.0002, 'name': 'torch.optim.SGD'},
 'generator_model_args': {'model_arch_name': 'models.gan.DCGAN.Generator',
                          'model_constructor_args': {'channels': 3,
                                                     'z_dim': 100},
                          'model_weights_path': None},
 'generator_optimizer_args': {'betas': (0.5, 0.999),
                              'lr': 0.0002,
                              'name': 'torch.optim.Adam'},
 'loss_args': {'name': 'default'},
 'mode': 'dcgan',
 'num_iterations': 50000,
 'outdir': './logs/',
 'random_seed': 58,
 'train_data_args': {'batch_size': 64, 'shuffle': True, 'to_train': True},
 'val_data_args': {'batch_size': 256,
                   'shuffle': False,
                   'validate_step_size': 1}}
2020-02-05 02:16:38,482 |     MainProcess | MainThread | INFO  | tensorboard_writer.py::initialize_tensorboard():67 | Initializing Tensorboard Writer in ./logs/2020-02-05T02:16:38.437565_train_mode_dcgan_model_DCGAN_dataset_ISIC_subset_1.0_bs_64_G_name_Adam_lr_0.0002_betas_(0.5, 0.999)_D_name_SGD_lr_0.0002
2020-02-05 02:16:39,240 |     MainProcess | MainThread | INFO  | GanTrainer.py::train_gan():68                      | Using Random Seed value as: 58
2020-02-05 02:16:39,249 |     MainProcess | MainThread | INFO  | GanTrainer.py::train_gan():75                      | Using device - cuda:0
2020-02-05 02:16:46,271 |     MainProcess | MainThread | INFO  | GanTrainer.py::train_gan():110                     | Generator(
  (main_module): Sequential(
    (0): ConvTranspose2d(100, 1024, kernel_size=(4, 4), stride=(1, 1))
    (1): BatchNorm2d(1024, eps=1e-05, momentum=0.1, affine=True, track_running_stats=True)
    (2): ReLU(inplace=True)
    (3): ConvTranspose2d(1024, 512, kernel_size=(4, 4), stride=(2, 2), padding=(1, 1))
    (4): BatchNorm2d(512, eps=1e-05, momentum=0.1, affine=True, track_running_stats=True)
    (5): ReLU(inplace=True)
    (6): ConvTranspose2d(512, 256, kernel_size=(4, 4), stride=(2, 2), padding=(1, 1))
    (7): BatchNorm2d(256, eps=1e-05, momentum=0.1, affine=True, track_running_stats=True)
    (8): ReLU(inplace=True)
    (9): ConvTranspose2d(256, 128, kernel_size=(4, 4), stride=(2, 2), padding=(1, 1))
    (10): BatchNorm2d(128, eps=1e-05, momentum=0.1, affine=True, track_running_stats=True)
    (11): ReLU(inplace=True)
    (12): ConvTranspose2d(128, 3, kernel_size=(4, 4), stride=(2, 2), padding=(1, 1))
  )
  (output): Tanh()
)
2020-02-05 02:16:46,271 |     MainProcess | MainThread | INFO  | GanTrainer.py::train_gan():111                     | Discriminator(
  (main_module): Sequential(
    (0): Conv2d(3, 128, kernel_size=(4, 4), stride=(2, 2), padding=(1, 1))
    (1): BatchNorm2d(128, eps=1e-05, momentum=0.1, affine=True, track_running_stats=True)
    (2): LeakyReLU(negative_slope=0.2, inplace=True)
    (3): Conv2d(128, 256, kernel_size=(4, 4), stride=(2, 2), padding=(1, 1))
    (4): BatchNorm2d(256, eps=1e-05, momentum=0.1, affine=True, track_running_stats=True)
    (5): LeakyReLU(negative_slope=0.2, inplace=True)
    (6): Conv2d(256, 512, kernel_size=(4, 4), stride=(2, 2), padding=(1, 1))
    (7): BatchNorm2d(512, eps=1e-05, momentum=0.1, affine=True, track_running_stats=True)
    (8): LeakyReLU(negative_slope=0.2, inplace=True)
    (9): Conv2d(512, 1024, kernel_size=(4, 4), stride=(2, 2), padding=(1, 1))
    (10): BatchNorm2d(1024, eps=1e-05, momentum=0.1, affine=True, track_running_stats=True)
    (11): LeakyReLU(negative_slope=0.2, inplace=True)
  )
  (output): Sequential(
    (0): Conv2d(1024, 1, kernel_size=(4, 4), stride=(1, 1))
  )
)
2020-02-05 02:16:46,271 |     MainProcess | MainThread | INFO  | GanTrainer.py::train_gan():127                     | Interval 1/125
2020-02-05 02:19:53,157 |     MainProcess | MainThread | INFO  | inception_metric_callback.py::on_nth_iteration():58 | Inception score at iteration 400 is 1.0000032186508179
2020-02-05 02:20:31,580 |     MainProcess | MainThread | INFO  | frechet_metric_callback.py::on_nth_iteration():63  | Frechet score at iteration 400 is 584.1201688588933
2020-02-05 02:20:31,863 |     MainProcess | MainThread | INFO  | GanTrainer.py::train_gan():127                     | Interval 2/125
2020-02-05 02:23:39,880 |     MainProcess | MainThread | INFO  | inception_metric_callback.py::on_nth_iteration():58 | Inception score at iteration 800 is 1.000151515007019
2020-02-05 02:24:13,900 |     MainProcess | MainThread | INFO  | frechet_metric_callback.py::on_nth_iteration():63  | Frechet score at iteration 800 is 547.2645684345616
2020-02-05 02:24:14,182 |     MainProcess | MainThread | INFO  | GanTrainer.py::train_gan():127                     | Interval 3/125
2020-02-05 02:27:19,317 |     MainProcess | MainThread | INFO  | inception_metric_callback.py::on_nth_iteration():58 | Inception score at iteration 1200 is 1.001097321510315
2020-02-05 02:27:53,159 |     MainProcess | MainThread | INFO  | frechet_metric_callback.py::on_nth_iteration():63  | Frechet score at iteration 1200 is 453.8615901685542
2020-02-05 02:27:53,456 |     MainProcess | MainThread | INFO  | GanTrainer.py::train_gan():127                     | Interval 4/125
2020-02-05 02:31:01,575 |     MainProcess | MainThread | INFO  | inception_metric_callback.py::on_nth_iteration():58 | Inception score at iteration 1600 is 1.0005431175231934
2020-02-05 02:31:35,609 |     MainProcess | MainThread | INFO  | frechet_metric_callback.py::on_nth_iteration():63  | Frechet score at iteration 1600 is 461.9937292110757
2020-02-05 02:31:35,843 |     MainProcess | MainThread | INFO  | GanTrainer.py::train_gan():127                     | Interval 5/125
2020-02-05 02:34:43,847 |     MainProcess | MainThread | INFO  | inception_metric_callback.py::on_nth_iteration():58 | Inception score at iteration 2000 is 1.0003207921981812
2020-02-05 02:35:18,083 |     MainProcess | MainThread | INFO  | frechet_metric_callback.py::on_nth_iteration():63  | Frechet score at iteration 2000 is 470.35556513729284
2020-02-05 02:35:18,316 |     MainProcess | MainThread | INFO  | GanTrainer.py::train_gan():127                     | Interval 6/125
2020-02-05 02:38:24,423 |     MainProcess | MainThread | INFO  | inception_metric_callback.py::on_nth_iteration():58 | Inception score at iteration 2400 is 1.0000659227371216
2020-02-05 02:38:58,455 |     MainProcess | MainThread | INFO  | frechet_metric_callback.py::on_nth_iteration():63  | Frechet score at iteration 2400 is 392.3082005764343
2020-02-05 02:38:58,741 |     MainProcess | MainThread | INFO  | GanTrainer.py::train_gan():127                     | Interval 7/125
2020-02-05 02:42:06,819 |     MainProcess | MainThread | INFO  | inception_metric_callback.py::on_nth_iteration():58 | Inception score at iteration 2800 is 1.0002014636993408
2020-02-05 02:42:40,750 |     MainProcess | MainThread | INFO  | frechet_metric_callback.py::on_nth_iteration():63  | Frechet score at iteration 2800 is 441.62080153077824
2020-02-05 02:42:40,977 |     MainProcess | MainThread | INFO  | GanTrainer.py::train_gan():127                     | Interval 8/125
2020-02-05 02:45:49,756 |     MainProcess | MainThread | INFO  | inception_metric_callback.py::on_nth_iteration():58 | Inception score at iteration 3200 is 1.0000994205474854
2020-02-05 02:46:24,027 |     MainProcess | MainThread | INFO  | frechet_metric_callback.py::on_nth_iteration():63  | Frechet score at iteration 3200 is 499.05295185884705
2020-02-05 02:46:24,259 |     MainProcess | MainThread | INFO  | GanTrainer.py::train_gan():127                     | Interval 9/125
2020-02-05 02:49:29,311 |     MainProcess | MainThread | INFO  | inception_metric_callback.py::on_nth_iteration():58 | Inception score at iteration 3600 is 1.0001674890518188
2020-02-05 02:50:03,573 |     MainProcess | MainThread | INFO  | frechet_metric_callback.py::on_nth_iteration():63  | Frechet score at iteration 3600 is 507.66577995692234
2020-02-05 02:50:03,773 |     MainProcess | MainThread | INFO  | GanTrainer.py::train_gan():127                     | Interval 10/125
2020-02-05 02:53:12,601 |     MainProcess | MainThread | INFO  | inception_metric_callback.py::on_nth_iteration():58 | Inception score at iteration 4000 is 1.0003180503845215
2020-02-05 02:53:46,674 |     MainProcess | MainThread | INFO  | frechet_metric_callback.py::on_nth_iteration():63  | Frechet score at iteration 4000 is 422.69113052817136
2020-02-05 02:53:46,907 |     MainProcess | MainThread | INFO  | GanTrainer.py::train_gan():127                     | Interval 11/125
2020-02-05 02:56:57,213 |     MainProcess | MainThread | INFO  | inception_metric_callback.py::on_nth_iteration():58 | Inception score at iteration 4400 is 1.0011801719665527
2020-02-05 02:57:31,954 |     MainProcess | MainThread | INFO  | frechet_metric_callback.py::on_nth_iteration():63  | Frechet score at iteration 4400 is 590.6176067229806
2020-02-05 02:57:32,211 |     MainProcess | MainThread | INFO  | GanTrainer.py::train_gan():127                     | Interval 12/125
2020-02-05 03:00:40,688 |     MainProcess | MainThread | INFO  | inception_metric_callback.py::on_nth_iteration():58 | Inception score at iteration 4800 is 1.0008386373519897
2020-02-05 03:01:14,928 |     MainProcess | MainThread | INFO  | frechet_metric_callback.py::on_nth_iteration():63  | Frechet score at iteration 4800 is 482.724085333861
2020-02-05 03:01:15,137 |     MainProcess | MainThread | INFO  | GanTrainer.py::train_gan():127                     | Interval 13/125
2020-02-05 03:04:23,962 |     MainProcess | MainThread | INFO  | inception_metric_callback.py::on_nth_iteration():58 | Inception score at iteration 5200 is 1.001023292541504
