2020-02-06 01:49:45,898 |     MainProcess | MainThread | INFO  | GanTrainer.py::train_gan():64                      | Arguments:
{'callbacks_args': [{'InceptionMetric': {'classifier_model_args': {'model_arch_name': 'models.classification.ConvNetSimple.ConvNetSimple',
                                                                   'model_constructor_args': {'input_size': (64,
                                                                                                             64),
                                                                                              'number_of_classes': 7,
                                                                                              'number_of_input_channels': 3},
                                                                   'model_weights_path': 'logs/2020-02-02T22:55:28.368389_train_mode_classification_model_ConvNetSimple_dataset_ISIC_subset_1.0_bs_64_name_Adam_lr_1e-05/epoch_0003-model-val_accuracy_67.0.pth'},
                                         'mode': 'gan',
                                         'sample_size': 64,
                                         'total_samples': 10000,
                                         'transform': {'mean': (0.5,),
                                                       'std': (0.5,)}}},
                    {'FrechetMetric': {'classifier_model_args': {'model_arch_name': 'models.evaluation.inception.InceptionV3',
                                                                 'model_constructor_args': {},
                                                                 'model_weights_path': None},
                                       'classifier_model_layer': None,
                                       'sample_size': 64,
                                       'total_samples': 10000,
                                       'transform': {'mean': (0.5, 0.5, 0.5),
                                                     'std': (0.5, 0.5, 0.5)}}},
                    {'GanSampler': {'num_samples': 16,
                                    'write_to_disk': True,
                                    'write_to_tensorboard': True}}],
 'dataset_args': {'mean': (0.5,),
                  'name': <SupportedDataset.ISIC_Enum: {'dataloader': <class 'dataset.ISIC.ISIC'>, 'image_size': (64, 64), 'channels': 3, 'training_size': 8000, 'labels_count': 7}>,
                  'std': (0.5,),
                  'training_subset_percentage': 1.0},
 'discriminator_model_args': {'model_arch_name': 'models.gan.DCGAN.Discriminator',
                              'model_constructor_args': {'channels': 3},
                              'model_weights_path': None},
 'discriminator_optimizer_args': {'lr': 0.0002, 'name': 'torch.optim.RMSprop'},
 'generator_model_args': {'model_arch_name': 'models.gan.DCGAN.Generator',
                          'model_constructor_args': {'channels': 3,
                                                     'z_dim': 100},
                          'model_weights_path': None},
 'generator_optimizer_args': {'lr': 0.0002, 'name': 'torch.optim.RMSprop'},
 'loss_args': {'name': 'default'},
 'mode': 'wgan-wp',
 'num_iterations': 50000,
 'outdir': './logs/',
 'random_seed': 30,
 'train_data_args': {'batch_size': 64, 'shuffle': True, 'to_train': True},
 'val_data_args': {'batch_size': 256,
                   'shuffle': False,
                   'validate_step_size': 1}}
2020-02-06 01:49:45,898 |     MainProcess | MainThread | INFO  | tensorboard_writer.py::initialize_tensorboard():67 | Initializing Tensorboard Writer in ./logs/2020-02-06T01:49:45.849973_train_mode_wgan-wp_model_DCGAN_dataset_ISIC_subset_1.0_bs_64_G_name_RMSprop_lr_0.0002_D_name_RMSprop_lr_0.0002
2020-02-06 01:49:46,873 |     MainProcess | MainThread | INFO  | GanTrainer.py::train_gan():70                      | Using Random Seed value as: 30
2020-02-06 01:49:46,883 |     MainProcess | MainThread | INFO  | GanTrainer.py::train_gan():77                      | Using device - cuda:0
2020-02-06 01:49:54,130 |     MainProcess | MainThread | INFO  | GanTrainer.py::train_gan():113                     | Generator(
  (main_module): Sequential(
    (0): ConvTranspose2d(100, 1024, kernel_size=(4, 4), stride=(1, 1))
    (1): BatchNorm2d(1024, eps=1e-05, momentum=0.1, affine=True, track_running_stats=True)
    (2): ReLU(inplace=True)
    (3): ConvTranspose2d(1024, 512, kernel_size=(4, 4), stride=(2, 2), padding=(1, 1))
    (4): BatchNorm2d(512, eps=1e-05, momentum=0.1, affine=True, track_running_stats=True)
    (5): ReLU(inplace=True)
    (6): ConvTranspose2d(512, 256, kernel_size=(4, 4), stride=(2, 2), padding=(1, 1))
    (7): BatchNorm2d(256, eps=1e-05, momentum=0.1, affine=True, track_running_stats=True)
    (8): ReLU(inplace=True)
    (9): ConvTranspose2d(256, 128, kernel_size=(4, 4), stride=(2, 2), padding=(1, 1))
    (10): BatchNorm2d(128, eps=1e-05, momentum=0.1, affine=True, track_running_stats=True)
    (11): ReLU(inplace=True)
    (12): ConvTranspose2d(128, 3, kernel_size=(4, 4), stride=(2, 2), padding=(1, 1))
  )
  (output): Tanh()
)
2020-02-06 01:49:54,130 |     MainProcess | MainThread | INFO  | GanTrainer.py::train_gan():114                     | Discriminator(
  (main_module): Sequential(
    (0): Conv2d(3, 128, kernel_size=(4, 4), stride=(2, 2), padding=(1, 1))
    (1): LeakyReLU(negative_slope=0.2, inplace=True)
    (2): Conv2d(128, 256, kernel_size=(4, 4), stride=(2, 2), padding=(1, 1))
    (3): BatchNorm2d(256, eps=1e-05, momentum=0.1, affine=True, track_running_stats=True)
    (4): LeakyReLU(negative_slope=0.2, inplace=True)
    (5): Conv2d(256, 512, kernel_size=(4, 4), stride=(2, 2), padding=(1, 1))
    (6): BatchNorm2d(512, eps=1e-05, momentum=0.1, affine=True, track_running_stats=True)
    (7): LeakyReLU(negative_slope=0.2, inplace=True)
    (8): Conv2d(512, 1024, kernel_size=(4, 4), stride=(2, 2), padding=(1, 1))
    (9): BatchNorm2d(1024, eps=1e-05, momentum=0.1, affine=True, track_running_stats=True)
    (10): LeakyReLU(negative_slope=0.2, inplace=True)
  )
  (output): Sequential(
    (0): Conv2d(1024, 1, kernel_size=(4, 4), stride=(1, 1))
  )
)
2020-02-06 01:49:54,131 |     MainProcess | MainThread | INFO  | GanTrainer.py::train_gan():132                     | Interval 1/125
2020-02-06 02:00:17,260 |     MainProcess | MainThread | INFO  | inception_metric_callback.py::on_nth_iteration():58 | Inception score at iteration 400 is 1.023686170578003
2020-02-06 02:00:56,383 |     MainProcess | MainThread | INFO  | frechet_metric_callback.py::on_nth_iteration():63  | Frechet score at iteration 400 is 415.2368198955771
2020-02-06 02:00:56,706 |     MainProcess | MainThread | INFO  | GanTrainer.py::train_gan():132                     | Interval 2/125
2020-02-06 02:11:25,101 |     MainProcess | MainThread | INFO  | inception_metric_callback.py::on_nth_iteration():58 | Inception score at iteration 800 is 1.0248397588729858
2020-02-06 02:11:59,905 |     MainProcess | MainThread | INFO  | frechet_metric_callback.py::on_nth_iteration():63  | Frechet score at iteration 800 is 414.57281094599665
2020-02-06 02:12:00,190 |     MainProcess | MainThread | INFO  | GanTrainer.py::train_gan():132                     | Interval 3/125
2020-02-06 02:22:25,533 |     MainProcess | MainThread | INFO  | inception_metric_callback.py::on_nth_iteration():58 | Inception score at iteration 1200 is 1.023679256439209
2020-02-06 02:22:59,406 |     MainProcess | MainThread | INFO  | frechet_metric_callback.py::on_nth_iteration():63  | Frechet score at iteration 1200 is 414.45802301386533
2020-02-06 02:22:59,703 |     MainProcess | MainThread | INFO  | GanTrainer.py::train_gan():132                     | Interval 4/125
2020-02-06 02:33:25,491 |     MainProcess | MainThread | INFO  | inception_metric_callback.py::on_nth_iteration():58 | Inception score at iteration 1600 is 1.0247688293457031
2020-02-06 02:33:59,759 |     MainProcess | MainThread | INFO  | frechet_metric_callback.py::on_nth_iteration():63  | Frechet score at iteration 1600 is 413.8336466045822
2020-02-06 02:34:00,060 |     MainProcess | MainThread | INFO  | GanTrainer.py::train_gan():132                     | Interval 5/125
